[debug] [2022-07-29T13:36:17.302Z] ----------------------------------------------------------------------
[debug] [2022-07-29T13:36:17.305Z] Command:       C:\Program Files\nodejs\node.exe C:\Users\hp\AppData\Roaming\npm\node_modules\firebase-tools\lib\bin\firebase.js init
[debug] [2022-07-29T13:36:17.306Z] CLI Version:   11.4.0
[debug] [2022-07-29T13:36:17.306Z] Platform:      win32
[debug] [2022-07-29T13:36:17.306Z] Node Version:  v16.14.0
[debug] [2022-07-29T13:36:17.307Z] Time:          Fri Jul 29 2022 19:36:17 GMT+0600 (Bangladesh Standard Time)
[debug] [2022-07-29T13:36:17.308Z] ----------------------------------------------------------------------
[debug] 
[debug] [2022-07-29T13:36:17.317Z] > command requires scopes: ["email","openid","https://www.googleapis.com/auth/cloudplatformprojects.readonly","https://www.googleapis.com/auth/firebase","https://www.googleapis.com/auth/cloud-platform"]
[debug] [2022-07-29T13:36:17.318Z] > authorizing via signed-in user (dev.onedemic@gmail.com)
[info] 
     ######## #### ########  ######## ########     ###     ######  ########
     ##        ##  ##     ## ##       ##     ##  ##   ##  ##       ##
     ######    ##  ########  ######   ########  #########  ######  ######
     ##        ##  ##    ##  ##       ##     ## ##     ##       ## ##
     ##       #### ##     ## ######## ########  ##     ##  ######  ########

You're about to initialize a Firebase project in this directory:

  G:\Web Development\Random Projects\tahmid vai\resturant-partio\client

[info] 
=== Project Setup
[info] 
[info] First, let's associate this project directory with a Firebase project.
[info] You can create multiple project aliases by running firebase use --add, 
[info] but for now we'll just set up a default project.
[info] 
[debug] [2022-07-29T13:36:39.540Z] > refreshing access token with scopes: []
[debug] [2022-07-29T13:36:39.543Z] >>> [apiv2][query] POST https://www.googleapis.com/oauth2/v3/token [none]
[debug] [2022-07-29T13:36:39.543Z] >>> [apiv2][body] POST https://www.googleapis.com/oauth2/v3/token [omitted]
[debug] [2022-07-29T13:36:39.818Z] <<< [apiv2][status] POST https://www.googleapis.com/oauth2/v3/token 200
[debug] [2022-07-29T13:36:39.819Z] <<< [apiv2][body] POST https://www.googleapis.com/oauth2/v3/token [omitted]
[debug] [2022-07-29T13:36:39.828Z] >>> [apiv2][query] GET https://firebase.googleapis.com/v1beta1/projects pageSize=100
[debug] [2022-07-29T13:36:40.551Z] <<< [apiv2][status] GET https://firebase.googleapis.com/v1beta1/projects 200
[debug] [2022-07-29T13:36:40.551Z] <<< [apiv2][body] GET https://firebase.googleapis.com/v1beta1/projects [omitted]
[debug] [2022-07-29T13:45:21.596Z] ----------------------------------------------------------------------
[debug] [2022-07-29T13:45:21.598Z] Command:       C:\Program Files\nodejs\node.exe C:\Users\hp\AppData\Roaming\npm\node_modules\firebase-tools\lib\bin\firebase.js init
[debug] [2022-07-29T13:45:21.599Z] CLI Version:   11.4.0
[debug] [2022-07-29T13:45:21.599Z] Platform:      win32
[debug] [2022-07-29T13:45:21.599Z] Node Version:  v16.14.0
[debug] [2022-07-29T13:45:21.603Z] Time:          Fri Jul 29 2022 19:45:21 GMT+0600 (Bangladesh Standard Time)
[debug] [2022-07-29T13:45:21.604Z] ----------------------------------------------------------------------
[debug] 
[debug] [2022-07-29T13:45:21.613Z] > command requires scopes: ["email","openid","https://www.googleapis.com/auth/cloudplatformprojects.readonly","https://www.googleapis.com/auth/firebase","https://www.googleapis.com/auth/cloud-platform"]
[debug] [2022-07-29T13:45:21.614Z] > authorizing via signed-in user (dev.onedemic@gmail.com)
[info] 
     ######## #### ########  ######## ########     ###     ######  ########
     ##        ##  ##     ## ##       ##     ##  ##   ##  ##       ##
     ######    ##  ########  ######   ########  #########  ######  ######
     ##        ##  ##    ##  ##       ##     ## ##     ##       ## ##
     ##       #### ##     ## ######## ########  ##     ##  ######  ########

You're about to initialize a Firebase project in this directory:

  G:\Web Development\Random Projects\tahmid vai\resturant-partio\client

[info] 
=== Project Setup
[info] 
[info] First, let's associate this project directory with a Firebase project.
[info] You can create multiple project aliases by running firebase use --add, 
[info] but for now we'll just set up a default project.
[info] 
[debug] [2022-07-29T13:45:41.753Z] >>> [apiv2][query] GET https://firebase.googleapis.com/v1beta1/projects pageSize=100
[debug] [2022-07-29T13:45:42.506Z] <<< [apiv2][status] GET https://firebase.googleapis.com/v1beta1/projects 200
[debug] [2022-07-29T13:45:42.507Z] <<< [apiv2][body] GET https://firebase.googleapis.com/v1beta1/projects [omitted]
[debug] [2022-07-29T13:45:56.296Z] ----------------------------------------------------------------------
[debug] [2022-07-29T13:45:56.299Z] Command:       C:\Program Files\nodejs\node.exe C:\Users\hp\AppData\Roaming\npm\node_modules\firebase-tools\lib\bin\firebase.js init
[debug] [2022-07-29T13:45:56.300Z] CLI Version:   11.4.0
[debug] [2022-07-29T13:45:56.300Z] Platform:      win32
[debug] [2022-07-29T13:45:56.300Z] Node Version:  v16.14.0
[debug] [2022-07-29T13:45:56.301Z] Time:          Fri Jul 29 2022 19:45:56 GMT+0600 (Bangladesh Standard Time)
[debug] [2022-07-29T13:45:56.302Z] ----------------------------------------------------------------------
[debug] 
[debug] [2022-07-29T13:45:56.312Z] > command requires scopes: ["email","openid","https://www.googleapis.com/auth/cloudplatformprojects.readonly","https://www.googleapis.com/auth/firebase","https://www.googleapis.com/auth/cloud-platform"]
[debug] [2022-07-29T13:45:56.312Z] > authorizing via signed-in user (dev.onedemic@gmail.com)
[info] 
     ######## #### ########  ######## ########     ###     ######  ########
     ##        ##  ##     ## ##       ##     ##  ##   ##  ##       ##
     ######    ##  ########  ######   ########  #########  ######  ######
     ##        ##  ##    ##  ##       ##     ## ##     ##       ## ##
     ##       #### ##     ## ######## ########  ##     ##  ######  ########

You're about to initialize a Firebase project in this directory:

  G:\Web Development\Random Projects\tahmid vai\resturant-partio\client

